<?xml version="1.0" encoding="UTF-8"?>
<testng-results ignored="0" total="1" passed="1" failed="0" skipped="0">
  <reporter-output>
  </reporter-output>
  <suite started-at="2020-05-19T13:00:03 IST" name="Default suite" finished-at="2020-05-19T13:00:09 IST" duration-ms="5537">
    <groups>
    </groups>
    <test started-at="2020-05-19T13:00:03 IST" name="Default test" finished-at="2020-05-19T13:00:09 IST" duration-ms="5537">
      <class name="com.restassuredconcept.GetNodesConcept">
        <test-method signature="Getmethod()[pri:0, instance:com.restassuredconcept.GetNodesConcept@70be0a2b]" started-at="2020-05-19T13:00:03 IST" name="Getmethod" finished-at="2020-05-19T13:00:09 IST" duration-ms="5457" status="PASS">
          <reporter-output>
          </reporter-output>
        </test-method> <!-- Getmethod -->
      </class> <!-- com.restassuredconcept.GetNodesConcept -->
    </test> <!-- Default test -->
  </suite> <!-- Default suite -->
</testng-results>
