<?xml version="1.0" encoding="UTF-8"?>
<testng-results ignored="0" total="1" passed="1" failed="0" skipped="0">
  <reporter-output>
  </reporter-output>
  <suite started-at="2020-05-19T11:10:59 IST" name="Default suite" finished-at="2020-05-19T11:11:04 IST" duration-ms="4260">
    <groups>
    </groups>
    <test started-at="2020-05-19T11:10:59 IST" name="Default test" finished-at="2020-05-19T11:11:04 IST" duration-ms="4260">
      <class name="com.restassuredconcept.PutMethodConcept">
        <test-method signature="TC_1()[pri:0, instance:com.restassuredconcept.PutMethodConcept@f8c1ddd]" started-at="2020-05-19T11:11:00 IST" name="TC_1" finished-at="2020-05-19T11:11:04 IST" duration-ms="4179" status="PASS">
          <reporter-output>
          </reporter-output>
        </test-method> <!-- TC_1 -->
      </class> <!-- com.restassuredconcept.PutMethodConcept -->
    </test> <!-- Default test -->
  </suite> <!-- Default suite -->
</testng-results>
